<?xml version="1.0" encoding="UTF-8"?>
<!-- Generated by org.testng.reporters.JUnitReportReporter -->
<testsuite hostname="meetcsserver-B85M-DS3H-A" failures="0" tests="1" name="Academy.HomePage" time="4.391" errors="0" timestamp="25 Mar 2019 08:38:08 GMT" skipped="0">
  <testcase classname="Academy.HomePage" name="basePageNavigation" time="4.391"/>
</testsuite> <!-- Academy.HomePage -->
