<?xml version="1.0" encoding="UTF-8"?>
<!-- Generated by org.testng.reporters.JUnitReportReporter -->
<testsuite hostname="meetcsserver-B85M-DS3H-A" failures="0" tests="1" name="Academy.websitePage" time="0.004" errors="0" timestamp="19 Mar 2019 13:57:19 GMT" skipped="0">
  <testcase classname="Academy.websitePage" name="websiteInitalize" time="0.004"/>
</testsuite> <!-- Academy.websitePage -->
